D:\WORK\!FULCRUM\PROJECT\CONSOLE DICOM FILE VIEWER\RELEASE\ABSTRACTDICOMDATAELEMENT.OBJ
D:\WORK\!FULCRUM\PROJECT\CONSOLE DICOM FILE VIEWER\RELEASE\DICOMFILE.OBJ
D:\WORK\!FULCRUM\PROJECT\CONSOLE DICOM FILE VIEWER\RELEASE\MAIN.OBJ
D:\WORK\!FULCRUM\PROJECT\CONSOLE DICOM FILE VIEWER\RELEASE\BYTEELEMENT.OBJ
D:\WORK\!FULCRUM\PROJECT\CONSOLE DICOM FILE VIEWER\RELEASE\VC110.PDB
D:\WORK\!FULCRUM\PROJECT\CONSOLE DICOM FILE VIEWER\RELEASE\CONSOLEPRINTER.OBJ
D:\WORK\!FULCRUM\PROJECT\CONSOLE DICOM FILE VIEWER\RELEASE\DICOMFILEVIEWER-2.EXE
D:\WORK\!FULCRUM\PROJECT\CONSOLE DICOM FILE VIEWER\RELEASE\DICOMFILEVIEWER-2.PDB
D:\Work\!Fulcrum\Project\Console DICOM File Viewer\Release\AbstractDICOMDataElement.obj
D:\Work\!Fulcrum\Project\Console DICOM File Viewer\Release\ByteElement.obj
D:\Work\!Fulcrum\Project\Console DICOM File Viewer\Release\ConsolePrinter.obj
D:\Work\!Fulcrum\Project\Console DICOM File Viewer\Release\DataFunctions.obj
D:\Work\!Fulcrum\Project\Console DICOM File Viewer\Release\DICOMFile.obj
D:\Work\!Fulcrum\Project\Console DICOM File Viewer\Release\main.obj
D:\Work\!Fulcrum\Project\Console DICOM File Viewer\Release\cl.command.1.tlog
D:\Work\!Fulcrum\Project\Console DICOM File Viewer\Release\CL.read.1.tlog
D:\Work\!Fulcrum\Project\Console DICOM File Viewer\Release\CL.write.1.tlog
D:\Work\!Fulcrum\Project\Console DICOM File Viewer\Release\link-cvtres.read.1.tlog
D:\Work\!Fulcrum\Project\Console DICOM File Viewer\Release\link-cvtres.write.1.tlog
D:\Work\!Fulcrum\Project\Console DICOM File Viewer\Release\link-rc.read.1.tlog
D:\Work\!Fulcrum\Project\Console DICOM File Viewer\Release\link-rc.write.1.tlog
D:\Work\!Fulcrum\Project\Console DICOM File Viewer\Release\link.command.1.tlog
D:\Work\!Fulcrum\Project\Console DICOM File Viewer\Release\link.read.1.tlog
D:\Work\!Fulcrum\Project\Console DICOM File Viewer\Release\link.read.2.tlog
D:\Work\!Fulcrum\Project\Console DICOM File Viewer\Release\link.read.3.tlog
D:\Work\!Fulcrum\Project\Console DICOM File Viewer\Release\link.read.4.tlog
D:\Work\!Fulcrum\Project\Console DICOM File Viewer\Release\link.read.5.tlog
D:\Work\!Fulcrum\Project\Console DICOM File Viewer\Release\link.write.1.tlog
D:\Work\!Fulcrum\Project\Console DICOM File Viewer\Release\DICOMFileViewer-2.pdb
D:\Work\!Fulcrum\Project\Console DICOM File Viewer\Release\vc110.pdb
D:\Work\!Fulcrum\Project\Console DICOM File Viewer\Release\DICOMFileViewer-2.exe
