D:\WORK\!FULCRUM\PROJECT\CONSOLE DICOM FILE VIEWER\DEBUG\CONSOLEPRINTER.OBJ
D:\WORK\!FULCRUM\PROJECT\CONSOLE DICOM FILE VIEWER\DEBUG\MAIN.OBJ
D:\WORK\!FULCRUM\PROJECT\CONSOLE DICOM FILE VIEWER\DEBUG\DICOMFILE.OBJ
D:\WORK\!FULCRUM\PROJECT\CONSOLE DICOM FILE VIEWER\DEBUG\ABSTRACTDICOMDATAELEMENT.OBJ
D:\WORK\!FULCRUM\PROJECT\CONSOLE DICOM FILE VIEWER\DEBUG\BYTEELEMENT.OBJ
D:\WORK\!FULCRUM\PROJECT\CONSOLE DICOM FILE VIEWER\DEBUG\VC110.PDB
D:\WORK\!FULCRUM\PROJECT\CONSOLE DICOM FILE VIEWER\DEBUG\DICOMFILEVIEWER-2.ILK
D:\WORK\!FULCRUM\PROJECT\CONSOLE DICOM FILE VIEWER\DEBUG\DICOMFILEVIEWER-2.EXE
D:\WORK\!FULCRUM\PROJECT\CONSOLE DICOM FILE VIEWER\DEBUG\DICOMFILEVIEWER-2.PDB
D:\Work\!Fulcrum\Project\Console DICOM File Viewer\Debug\AbstractDICOMDataElement.obj
D:\Work\!Fulcrum\Project\Console DICOM File Viewer\Debug\ByteElement.obj
D:\Work\!Fulcrum\Project\Console DICOM File Viewer\Debug\ConsolePrinter.obj
D:\Work\!Fulcrum\Project\Console DICOM File Viewer\Debug\DICOMFile.obj
D:\Work\!Fulcrum\Project\Console DICOM File Viewer\Debug\main.obj
D:\Work\!Fulcrum\Project\Console DICOM File Viewer\Debug\DICOMFileViewer-2.ilk
D:\Work\!Fulcrum\Project\Console DICOM File Viewer\Debug\cl.command.1.tlog
D:\Work\!Fulcrum\Project\Console DICOM File Viewer\Debug\CL.read.1.tlog
D:\Work\!Fulcrum\Project\Console DICOM File Viewer\Debug\CL.write.1.tlog
D:\Work\!Fulcrum\Project\Console DICOM File Viewer\Debug\link-cvtres.read.1.tlog
D:\Work\!Fulcrum\Project\Console DICOM File Viewer\Debug\link-cvtres.write.1.tlog
D:\Work\!Fulcrum\Project\Console DICOM File Viewer\Debug\link-rc.read.1.tlog
D:\Work\!Fulcrum\Project\Console DICOM File Viewer\Debug\link-rc.write.1.tlog
D:\Work\!Fulcrum\Project\Console DICOM File Viewer\Debug\link.1924-cvtres.read.1.tlog
D:\Work\!Fulcrum\Project\Console DICOM File Viewer\Debug\link.1924-cvtres.write.1.tlog
D:\Work\!Fulcrum\Project\Console DICOM File Viewer\Debug\link.1924-rc.read.1.tlog
D:\Work\!Fulcrum\Project\Console DICOM File Viewer\Debug\link.1924-rc.write.1.tlog
D:\Work\!Fulcrum\Project\Console DICOM File Viewer\Debug\link.1924.read.1.tlog
D:\Work\!Fulcrum\Project\Console DICOM File Viewer\Debug\link.1924.write.1.tlog
D:\Work\!Fulcrum\Project\Console DICOM File Viewer\Debug\link.command.1.tlog
D:\Work\!Fulcrum\Project\Console DICOM File Viewer\Debug\link.read.1.tlog
D:\Work\!Fulcrum\Project\Console DICOM File Viewer\Debug\link.write.1.tlog
D:\Work\!Fulcrum\Project\Console DICOM File Viewer\Debug\vc110.idb
D:\Work\!Fulcrum\Project\Console DICOM File Viewer\Debug\DICOMFileViewer-2.pdb
D:\Work\!Fulcrum\Project\Console DICOM File Viewer\Debug\vc110.pdb
D:\Work\!Fulcrum\Project\Console DICOM File Viewer\Debug\DICOMFileViewer-2.exe
